<?xml version="1.0" encoding="UTF-8"?>
<!-- Generated by org.testng.reporters.JUnitReportReporter -->
<testsuite hostname="DESKTOP-MFHGSSK" failures="0" tests="9" name="selenium.copy.Assignment2" time="22.282" errors="0" timestamp="2022-12-27T12:52:30 IST" skipped="0">
  <testcase classname="selenium.copy.Assignment2" name="launchbrowser" time="10.791"/>
  <system-out/>
  <testcase classname="selenium.copy.Assignment2" name="navigation" time="7.672"/>
  <system-out/>
  <testcase classname="selenium.copy.Assignment2" name="login" time="0.044"/>
  <system-out/>
  <testcase classname="selenium.copy.Assignment2" name="minimize" time="0.047"/>
  <system-out/>
  <testcase classname="selenium.copy.Assignment2" name="addnewUser1" time="0.199"/>
  <system-out/>
  <testcase classname="selenium.copy.Assignment2" name="modify" time="0.182"/>
  <system-out/>
  <testcase classname="selenium.copy.Assignment2" name="deleteuser" time="0.032"/>
  <system-out/>
  <testcase classname="selenium.copy.Assignment2" name="logout" time="0.029"/>
  <system-out/>
  <testcase classname="selenium.copy.Assignment2" name="closeapplication" time="3.286"/>
  <system-out/>
</testsuite> <!-- selenium.copy.Assignment2 -->
