<?xml version="1.0" encoding="UTF-8"?>
<!-- Generated by org.testng.reporters.JUnitReportReporter -->
<testsuite hostname="DESKTOP-MFHGSSK" failures="0" tests="8" name="testngassignments.xmlassignment1" time="69.773" errors="0" timestamp="2022-12-28T16:10:14 IST" skipped="0">
  <testcase classname="testngassignments.xmlassignment1" name="launchbrowser" time="8.800"/>
  <system-out/>
  <testcase classname="testngassignments.xmlassignment1" name="navigation" time="12.150"/>
  <system-out/>
  <testcase classname="testngassignments.xmlassignment1" name="login" time="5.317"/>
  <system-out/>
  <testcase classname="testngassignments.xmlassignment1" name="minimize" time="5.162"/>
  <system-out/>
  <testcase classname="testngassignments.xmlassignment1" name="addnewUser1" time="21.194"/>
  <system-out/>
  <testcase classname="testngassignments.xmlassignment1" name="deleteuser" time="9.299"/>
  <system-out/>
  <testcase classname="testngassignments.xmlassignment1" name="logout" time="5.428"/>
  <system-out/>
  <testcase classname="testngassignments.xmlassignment1" name="closeapplication" time="2.423"/>
  <system-out/>
</testsuite> <!-- testngassignments.xmlassignment1 -->
