<?xml version="1.0" encoding="UTF-8"?>
<!-- Generated by org.testng.reporters.JUnitReportReporter -->
<testsuite hostname="DESKTOP-MFHGSSK" failures="0" tests="9" name="testngassignments.xmlassignment2" time="78.350" errors="0" timestamp="2022-12-28T16:10:14 IST" skipped="0">
  <testcase classname="testngassignments.xmlassignment2" name="launchbrowser" time="7.018"/>
  <system-out/>
  <testcase classname="testngassignments.xmlassignment2" name="navigation" time="10.877"/>
  <system-out/>
  <testcase classname="testngassignments.xmlassignment2" name="login" time="5.334"/>
  <system-out/>
  <testcase classname="testngassignments.xmlassignment2" name="minimize" time="6.194"/>
  <system-out/>
  <testcase classname="testngassignments.xmlassignment2" name="addnewUser1" time="18.412"/>
  <system-out/>
  <testcase classname="testngassignments.xmlassignment2" name="modify" time="13.403"/>
  <system-out/>
  <testcase classname="testngassignments.xmlassignment2" name="deleteuser" time="9.312"/>
  <system-out/>
  <testcase classname="testngassignments.xmlassignment2" name="logout" time="5.387"/>
  <system-out/>
  <testcase classname="testngassignments.xmlassignment2" name="closeapplication" time="2.413"/>
  <system-out/>
</testsuite> <!-- testngassignments.xmlassignment2 -->
