<?xml version="1.0" encoding="UTF-8"?>
<!-- Generated by org.testng.reporters.JUnitReportReporter -->
<testsuite hostname="DESKTOP-MFHGSSK" failures="0" tests="12" name="testngassignments.xmlassignments8" time="112.887" errors="0" timestamp="2022-12-28T16:10:14 IST" skipped="0">
  <testcase classname="testngassignments.xmlassignments8" name="launchbrowser" time="8.526"/>
  <system-out/>
  <testcase classname="testngassignments.xmlassignments8" name="navigation" time="10.336"/>
  <system-out/>
  <testcase classname="testngassignments.xmlassignments8" name="login" time="5.326"/>
  <system-out/>
  <testcase classname="testngassignments.xmlassignments8" name="minimize" time="5.168"/>
  <system-out/>
  <testcase classname="testngassignments.xmlassignments8" name="newcustomer" time="14.541"/>
  <system-out/>
  <testcase classname="testngassignments.xmlassignments8" name="createpoject" time="8.424"/>
  <system-out/>
  <testcase classname="testngassignments.xmlassignments8" name="createtask" time="7.468"/>
  <system-out/>
  <testcase classname="testngassignments.xmlassignments8" name="deletetask" time="14.483"/>
  <system-out/>
  <testcase classname="testngassignments.xmlassignments8" name="deleteproject" time="21.445"/>
  <system-out/>
  <testcase classname="testngassignments.xmlassignments8" name="deletecustomer" time="9.418"/>
  <system-out/>
  <testcase classname="testngassignments.xmlassignments8" name="logout" time="5.389"/>
  <system-out/>
  <testcase classname="testngassignments.xmlassignments8" name="closeapplication" time="2.363"/>
  <system-out/>
</testsuite> <!-- testngassignments.xmlassignments8 -->
