<?xml version="1.0" encoding="UTF-8"?>
<!-- Generated by org.testng.reporters.JUnitReportReporter -->
<testsuite hostname="DESKTOP-MFHGSSK" failures="0" tests="7" name="testngassignments.xmlAssignment9" time="3.577" errors="0" timestamp="2022-12-28T15:02:13 IST" skipped="0">
  <testcase classname="testngassignments.xmlAssignment9" name="launchbrowser" time="3.544"/>
  <system-out/>
  <testcase classname="testngassignments.xmlAssignment9" name="navigate" time="0.008"/>
  <system-out/>
  <testcase classname="testngassignments.xmlAssignment9" name="login" time="0.006"/>
  <system-out/>
  <testcase classname="testngassignments.xmlAssignment9" name="importTasks" time="0.004"/>
  <system-out/>
  <testcase classname="testngassignments.xmlAssignment9" name="deleteTask" time="0.006"/>
  <system-out/>
  <testcase classname="testngassignments.xmlAssignment9" name="logout" time="0.006"/>
  <system-out/>
  <testcase classname="testngassignments.xmlAssignment9" name="close" time="0.003"/>
  <system-out/>
</testsuite> <!-- testngassignments.xmlAssignment9 -->
