<?xml version="1.0" encoding="UTF-8"?>
<!-- Generated by org.testng.reporters.JUnitReportReporter -->
<testsuite hostname="DESKTOP-MFHGSSK" failures="0" tests="36" name="testngassignments.xmlassignments3" time="297.418" errors="0" timestamp="2022-12-28T16:10:14 IST" skipped="0">
  <testcase classname="testngassignments.xmlassignments3" name="launch" time="1.629"/>
  <system-out/>
  <testcase classname="testngassignments.xmlassignments3" name="navigation" time="10.509"/>
  <system-out/>
  <testcase classname="testngassignments.xmlassignments3" name="login" time="5.299"/>
  <system-out/>
  <testcase classname="testngassignments.xmlassignments3" name="minimize" time="4.097"/>
  <system-out/>
  <testcase classname="testngassignments.xmlassignments3" name="user1" time="13.739"/>
  <system-out/>
  <testcase classname="testngassignments.xmlassignments3" name="user2" time="10.706"/>
  <system-out/>
  <testcase classname="testngassignments.xmlassignments3" name="user3" time="15.733"/>
  <system-out/>
  <testcase classname="testngassignments.xmlassignments3" name="logout" time="2.375"/>
  <system-out/>
  <testcase classname="testngassignments.xmlassignments3" name="user1login" time="10.958"/>
  <system-out/>
  <testcase classname="testngassignments.xmlassignments3" name="user1logout" time="2.404"/>
  <system-out/>
  <testcase classname="testngassignments.xmlassignments3" name="user2login" time="7.224"/>
  <system-out/>
  <testcase classname="testngassignments.xmlassignments3" name="user2logout" time="2.269"/>
  <system-out/>
  <testcase classname="testngassignments.xmlassignments3" name="user3login" time="7.055"/>
  <system-out/>
  <testcase classname="testngassignments.xmlassignments3" name="user3logout" time="2.284"/>
  <system-out/>
  <testcase classname="testngassignments.xmlassignments3" name="user1login2" time="5.291"/>
  <system-out/>
  <testcase classname="testngassignments.xmlassignments3" name="modifyuser1password" time="15.118"/>
  <system-out/>
  <testcase classname="testngassignments.xmlassignments3" name="logoutasuser1" time="2.325"/>
  <system-out/>
  <testcase classname="testngassignments.xmlassignments3" name="user2login2" time="10.239"/>
  <system-out/>
  <testcase classname="testngassignments.xmlassignments3" name="modifyuser2password" time="15.500"/>
  <system-out/>
  <testcase classname="testngassignments.xmlassignments3" name="logoutasuser2" time="2.343"/>
  <system-out/>
  <testcase classname="testngassignments.xmlassignments3" name="user3login2" time="10.275"/>
  <system-out/>
  <testcase classname="testngassignments.xmlassignments3" name="modifyuser3password" time="15.082"/>
  <system-out/>
  <testcase classname="testngassignments.xmlassignments3" name="logoutasuser3" time="2.342"/>
  <system-out/>
  <testcase classname="testngassignments.xmlassignments3" name="logiiuser1usingnewpassword" time="10.274"/>
  <system-out/>
  <testcase classname="testngassignments.xmlassignments3" name="logoutasuser1afterloginwithnewpassword" time="2.281"/>
  <system-out/>
  <testcase classname="testngassignments.xmlassignments3" name="loginasuser2usingnewpassword" time="10.314"/>
  <system-out/>
  <testcase classname="testngassignments.xmlassignments3" name="logoutasuser2afterloginwithnewpassword" time="2.286"/>
  <system-out/>
  <testcase classname="testngassignments.xmlassignments3" name="loginasuser3usingnewpassword" time="10.376"/>
  <system-out/>
  <testcase classname="testngassignments.xmlassignments3" name="logoutasuser3afterloginwithnewpassword" time="2.297"/>
  <system-out/>
  <testcase classname="testngassignments.xmlassignments3" name="loginasadmin2ndtime" time="3.269"/>
  <system-out/>
  <testcase classname="testngassignments.xmlassignments3" name="ModifyPasswordodUseronetwothree2ndtime" time="38.570"/>
  <system-out/>
  <testcase classname="testngassignments.xmlassignments3" name="loginlogoutofUSERS" time="10.625"/>
  <system-out/>
  <testcase classname="testngassignments.xmlassignments3" name="loginasadminlasttime" time="3.302"/>
  <system-out/>
  <testcase classname="testngassignments.xmlassignments3" name="deleteuser1" time="21.233"/>
  <system-out/>
  <testcase classname="testngassignments.xmlassignments3" name="logoutlast" time="5.335"/>
  <system-out/>
  <testcase classname="testngassignments.xmlassignments3" name="closeapplication" time="2.460"/>
  <system-out/>
</testsuite> <!-- testngassignments.xmlassignments3 -->
