<?xml version="1.0" encoding="UTF-8"?>
<!-- Generated by org.testng.reporters.JUnitReportReporter -->
<testsuite hostname="DESKTOP-MFHGSSK" failures="0" tests="10" name="testngassignments.xmlassignments6" time="78.856" errors="0" timestamp="2022-12-28T16:10:14 IST" skipped="0">
  <testcase classname="testngassignments.xmlassignments6" name="launchbrowser" time="7.122"/>
  <system-out/>
  <testcase classname="testngassignments.xmlassignments6" name="navigation" time="9.158"/>
  <system-out/>
  <testcase classname="testngassignments.xmlassignments6" name="login" time="5.322"/>
  <system-out/>
  <testcase classname="testngassignments.xmlassignments6" name="minimize" time="5.156"/>
  <system-out/>
  <testcase classname="testngassignments.xmlassignments6" name="newcustomer" time="16.052"/>
  <system-out/>
  <testcase classname="testngassignments.xmlassignments6" name="createpoject" time="8.415"/>
  <system-out/>
  <testcase classname="testngassignments.xmlassignments6" name="deleteproject" time="10.462"/>
  <system-out/>
  <testcase classname="testngassignments.xmlassignments6" name="deletecustomer" time="9.388"/>
  <system-out/>
  <testcase classname="testngassignments.xmlassignments6" name="logout" time="5.425"/>
  <system-out/>
  <testcase classname="testngassignments.xmlassignments6" name="closeapplication" time="2.356"/>
  <system-out/>
</testsuite> <!-- testngassignments.xmlassignments6 -->
