<?xml version="1.0" encoding="UTF-8"?>
<!-- Generated by org.testng.reporters.JUnitReportReporter -->
<testsuite hostname="DESKTOP-MFHGSSK" failures="0" tests="9" name="testngassignments.xmlassignments5" time="79.238" errors="0" timestamp="2022-12-28T16:10:14 IST" skipped="0">
  <testcase classname="testngassignments.xmlassignments5" name="launchbrowser" time="7.024"/>
  <system-out/>
  <testcase classname="testngassignments.xmlassignments5" name="navigation" time="10.425"/>
  <system-out/>
  <testcase classname="testngassignments.xmlassignments5" name="login" time="5.282"/>
  <system-out/>
  <testcase classname="testngassignments.xmlassignments5" name="minimize" time="5.192"/>
  <system-out/>
  <testcase classname="testngassignments.xmlassignments5" name="newcustomer" time="14.546"/>
  <system-out/>
  <testcase classname="testngassignments.xmlassignments5" name="modifycustomer" time="17.540"/>
  <system-out/>
  <testcase classname="testngassignments.xmlassignments5" name="deletecustomer" time="11.464"/>
  <system-out/>
  <testcase classname="testngassignments.xmlassignments5" name="logout" time="5.430"/>
  <system-out/>
  <testcase classname="testngassignments.xmlassignments5" name="closeapplication" time="2.335"/>
  <system-out/>
</testsuite> <!-- testngassignments.xmlassignments5 -->
