<?xml version="1.0" encoding="UTF-8"?>
<!-- Generated by org.testng.reporters.JUnitReportReporter -->
<testsuite hostname="DESKTOP-MFHGSSK" failures="0" tests="8" name="testngassignments.xmlassignment4" time="61.251" errors="0" timestamp="2022-12-28T16:10:14 IST" skipped="0">
  <testcase classname="testngassignments.xmlassignment4" name="launchbrowser" time="7.400"/>
  <system-out/>
  <testcase classname="testngassignments.xmlassignment4" name="navigation" time="10.500"/>
  <system-out/>
  <testcase classname="testngassignments.xmlassignment4" name="login" time="5.317"/>
  <system-out/>
  <testcase classname="testngassignments.xmlassignment4" name="minimize" time="5.166"/>
  <system-out/>
  <testcase classname="testngassignments.xmlassignment4" name="newcustomer" time="15.702"/>
  <system-out/>
  <testcase classname="testngassignments.xmlassignment4" name="deletecustomer" time="9.422"/>
  <system-out/>
  <testcase classname="testngassignments.xmlassignment4" name="logout" time="5.384"/>
  <system-out/>
  <testcase classname="testngassignments.xmlassignment4" name="closeapplication" time="2.360"/>
  <system-out/>
</testsuite> <!-- testngassignments.xmlassignment4 -->
