<?xml version="1.0" encoding="UTF-8"?>
<!-- Generated by org.testng.reporters.JUnitReportReporter -->
<testsuite hostname="DESKTOP-MFHGSSK" failures="0" tests="11" name="testngassignments.xmlassignments7" time="120.897" errors="0" timestamp="2022-12-28T16:10:14 IST" skipped="0">
  <testcase classname="testngassignments.xmlassignments7" name="launchbrowser" time="7.378"/>
  <system-out/>
  <testcase classname="testngassignments.xmlassignments7" name="navigation" time="12.749"/>
  <system-out/>
  <testcase classname="testngassignments.xmlassignments7" name="login" time="5.857"/>
  <system-out/>
  <testcase classname="testngassignments.xmlassignments7" name="minimize" time="26.738"/>
  <system-out/>
  <testcase classname="testngassignments.xmlassignments7" name="newcustomer" time="14.667"/>
  <system-out/>
  <testcase classname="testngassignments.xmlassignments7" name="createpoject" time="8.473"/>
  <system-out/>
  <testcase classname="testngassignments.xmlassignments7" name="modifyproject" time="11.376"/>
  <system-out/>
  <testcase classname="testngassignments.xmlassignments7" name="deleteproject" time="16.353"/>
  <system-out/>
  <testcase classname="testngassignments.xmlassignments7" name="deletecustomer" time="9.405"/>
  <system-out/>
  <testcase classname="testngassignments.xmlassignments7" name="logout" time="5.373"/>
  <system-out/>
  <testcase classname="testngassignments.xmlassignments7" name="closeapplication" time="2.528"/>
  <system-out/>
</testsuite> <!-- testngassignments.xmlassignments7 -->
